ffmpeg4android_demo/build/outputs/logs/manifest-merger-debug-report.txt
-- Merging decision tree log ---
manifest
ADDED from src\main\AndroidManifest.xml:2:1-67:12
	package
		ADDED from src\main\AndroidManifest.xml:3:7-49
		INJECTED from src\main\AndroidManifest.xml
		INJECTED from src\main\AndroidManifest.xml
	android:versionName
		ADDED from src\main\AndroidManifest.xml:6:7-37
		INJECTED from src\main\AndroidManifest.xml
		INJECTED from src\main\AndroidManifest.xml
	android:versionCode
		ADDED from src\main\AndroidManifest.xml:5:7-34
		INJECTED from src\main\AndroidManifest.xml
		INJECTED from src\main\AndroidManifest.xml
	xmlns:android
		ADDED from src\main\AndroidManifest.xml:2:11-69
	android:installLocation
		ADDED from src\main\AndroidManifest.xml:4:7-45
uses-sdk
ADDED from src\main\AndroidManifest.xml:13:9-78
MERGED from [ffmpeg4android_demo_studio:ffmpeg4android_lib:unspecified] AndroidManifest.xml:7:5-9:41
	android:targetSdkVersion
		ADDED from src\main\AndroidManifest.xml:13:46-75
		INJECTED from src\main\AndroidManifest.xml
		INJECTED from src\main\AndroidManifest.xml
	android:minSdkVersion
		ADDED from src\main\AndroidManifest.xml:13:19-45
		INJECTED from src\main\AndroidManifest.xml
		INJECTED from src\main\AndroidManifest.xml
uses-permission#android.permission.WRITE_EXTERNAL_STORAGE
ADDED from src\main\AndroidManifest.xml:17:5-80
MERGED from [ffmpeg4android_demo_studio:ffmpeg4android_lib:unspecified] AndroidManifest.xml:11:5-81
	android:name
		ADDED from src\main\AndroidManifest.xml:17:22-78
uses-permission#android.permission.WAKE_LOCK
ADDED from src\main\AndroidManifest.xml:18:5-68
MERGED from [ffmpeg4android_demo_studio:ffmpeg4android_lib:unspecified] AndroidManifest.xml:12:5-68
	android:name
		ADDED from src\main\AndroidManifest.xml:18:22-65
application
ADDED from src\main\AndroidManifest.xml:20:5-65:19
	android:label
		ADDED from src\main\AndroidManifest.xml:20:48-80
	android:allowBackup
		ADDED from src\main\AndroidManifest.xml:20:81-107
	android:icon
		ADDED from src\main\AndroidManifest.xml:20:18-47
activity#com.examples.ffmpeg4android.SimpleExample
ADDED from src\main\AndroidManifest.xml:23:9-29:20
	android:label
		ADDED from src\main\AndroidManifest.xml:25:19-49
	android:windowSoftInputMode
		ADDED from src\main\AndroidManifest.xml:24:19-60
	android:configChanges
		ADDED from src\main\AndroidManifest.xml:23:76-146
	android:name
		ADDED from src\main\AndroidManifest.xml:23:19-75
intent-filter#android.intent.action.MAIN
ADDED from src\main\AndroidManifest.xml:26:13-28:30
action#android.intent.action.MAIN
ADDED from src\main\AndroidManifest.xml:27:17-69
	android:name
		ADDED from src\main\AndroidManifest.xml:27:25-66
activity#com.examples.ffmpeg4android.Main
ADDED from src\main\AndroidManifest.xml:31:9-38:20
	android:label
		ADDED from src\main\AndroidManifest.xml:33:19-51
	android:windowSoftInputMode
		ADDED from src\main\AndroidManifest.xml:32:19-60
	android:configChanges
		ADDED from src\main\AndroidManifest.xml:31:67-137
	android:name
		ADDED from src\main\AndroidManifest.xml:31:19-66
intent-filter#android.intent.action.MAIN+android.intent.category.LAUNCHER
ADDED from src\main\AndroidManifest.xml:34:13-37:30
category#android.intent.category.LAUNCHER
ADDED from src\main\AndroidManifest.xml:36:17-77
	android:name
		ADDED from src\main\AndroidManifest.xml:36:27-74
activity#com.examples.ffmpeg4android.ProgressBarExample
ADDED from src\main\AndroidManifest.xml:40:9-46:20
	android:label
		ADDED from src\main\AndroidManifest.xml:42:19-54
	android:windowSoftInputMode
		ADDED from src\main\AndroidManifest.xml:41:19-60
	android:configChanges
		ADDED from src\main\AndroidManifest.xml:40:81-151
	android:name
		ADDED from src\main\AndroidManifest.xml:40:19-80
activity#com.examples.ffmpeg4android.ProgressBarWithNotificationExample
ADDED from src\main\AndroidManifest.xml:49:9-55:20
	android:label
		ADDED from src\main\AndroidManifest.xml:51:19-63
	android:windowSoftInputMode
		ADDED from src\main\AndroidManifest.xml:50:19-60
	android:configChanges
		ADDED from src\main\AndroidManifest.xml:49:97-167
	android:name
		ADDED from src\main\AndroidManifest.xml:49:19-96
activity#com.examples.ffmpeg4android.MultipleCommandsExample
ADDED from src\main\AndroidManifest.xml:57:9-63:20
	android:label
		ADDED from src\main\AndroidManifest.xml:59:19-52
	android:windowSoftInputMode
		ADDED from src\main\AndroidManifest.xml:58:19-60
	android:configChanges
		ADDED from src\main\AndroidManifest.xml:57:86-156
	android:name
		ADDED from src\main\AndroidManifest.xml:57:19-85